<?xml version="1.0" encoding="UTF-8"?>
<!-- Generated by org.testng.reporters.JUnitXMLReporter -->
<testsuite hostname="DESKTOP-F6J9ALJ" ignored="0" name="Default test" tests="3" failures="0" timestamp="21 Feb 2024 17:37:12 GMT" time="77.513" errors="0">
  <testcase name="registerPageTitleTest" time="0.054" classname="demo.automationtesting.in.testclasses.RegisterTest"/>
  <testcase name="testRegisterUser" time="4.869" classname="demo.automationtesting.in.testclasses.RegisterTest"/>
  <testcase name="testRegisterUser" time="4.104" classname="demo.automationtesting.in.testclasses.RegisterTest"/>
</testsuite> <!-- Default test -->
